<?xml version="1.0" encoding="UTF-8"?>
<robot generator="Robot 6.0.2 (Python 3.11.2 on win32)" generated="20230214 21:12:34.313" rpa="false" schemaversion="3">
<suite id="s1" name="Chronos" source="e:\Users\erasm\OneDrive\Área de Trabalho\workspace\RobotSemComplicação\chronos.robot">
<test id="s1-t1" name="ChronosTest" line="11">
<kw name="Open Browser" library="SeleniumLibrary">
<arg>${url}</arg>
<arg>${navegador}</arg>
<doc>Opens a new browser instance to the optional ``url``.</doc>
<msg timestamp="20230214 21:12:35.405" level="INFO">Opening browser 'chrome' to base url 'https://www.demoblaze.com'.</msg>
<status status="PASS" starttime="20230214 21:12:35.400" endtime="20230214 21:12:40.176"/>
</kw>
<kw name="Maximize Browser Window" library="SeleniumLibrary">
<doc>Maximizes current browser window.</doc>
<status status="PASS" starttime="20230214 21:12:40.183" endtime="20230214 21:12:40.377"/>
</kw>
<kw name="Start Video Recording" library="ScreenCapLibrary">
<doc>Starts the recording of a video in the background with the specified ``name``.
The recording can be stopped by calling the `Stop Video Recording` keyword.</doc>
<msg timestamp="20230214 21:12:42.560" level="INFO">Automatically setting a fps of 6.5</msg>
<status status="PASS" starttime="20230214 21:12:40.378" endtime="20230214 21:12:42.567"/>
</kw>
<kw name="Capture Page Screenshot" library="SeleniumLibrary">
<doc>Takes a screenshot of the current page and embeds it into a log file.</doc>
<msg timestamp="20230214 21:12:42.885" level="INFO" html="true">&lt;/td&gt;&lt;/tr&gt;&lt;tr&gt;&lt;td colspan="3"&gt;&lt;a href="selenium-screenshot-1.png"&gt;&lt;img src="selenium-screenshot-1.png" width="800px"&gt;&lt;/a&gt;</msg>
<status status="PASS" starttime="20230214 21:12:42.573" endtime="20230214 21:12:42.886"/>
</kw>
<kw name="Click Link" library="SeleniumLibrary">
<arg>Laptops</arg>
<doc>Clicks a link identified by ``locator``.</doc>
<msg timestamp="20230214 21:12:42.897" level="INFO">Clicking link 'Laptops'.</msg>
<status status="PASS" starttime="20230214 21:12:42.896" endtime="20230214 21:12:43.070"/>
</kw>
<kw name="Wait Until Element Is Visible" library="SeleniumLibrary">
<arg>link=MacBook Pro</arg>
<doc>Waits until the element ``locator`` is visible.</doc>
<status status="PASS" starttime="20230214 21:12:43.073" endtime="20230214 21:12:43.486"/>
</kw>
<kw name="Click Link" library="SeleniumLibrary">
<arg>MacBook Pro</arg>
<doc>Clicks a link identified by ``locator``.</doc>
<msg timestamp="20230214 21:12:43.509" level="INFO">Clicking link 'MacBook Pro'.</msg>
<status status="PASS" starttime="20230214 21:12:43.509" endtime="20230214 21:12:45.161"/>
</kw>
<kw name="Wait Until Element Is Visible" library="SeleniumLibrary">
<arg>xpath=//div[2]//a</arg>
<doc>Waits until the element ``locator`` is visible.</doc>
<status status="PASS" starttime="20230214 21:12:45.162" endtime="20230214 21:12:45.534"/>
</kw>
<kw name="Click Element" library="SeleniumLibrary">
<arg>xpath=//div[2]//a</arg>
<doc>Click the element identified by ``locator``.</doc>
<msg timestamp="20230214 21:12:45.537" level="INFO">Clicking element 'xpath=//div[2]//a'.</msg>
<status status="PASS" starttime="20230214 21:12:45.536" endtime="20230214 21:12:45.654"/>
</kw>
<kw name="Alert Should Be Present" library="SeleniumLibrary">
<doc>Verifies that an alert is present and by default, accepts it.</doc>
<msg timestamp="20230214 21:12:45.667" level="INFO">HANDLE::&lt;class 'NoneType'&gt;::None</msg>
<status status="PASS" starttime="20230214 21:12:45.667" endtime="20230214 21:12:46.197"/>
</kw>
<kw name="Stop Video Recording" library="ScreenCapLibrary">
<doc>Stops the video recording corresponding to the given ``alias`` and generates the file in WebM format. If no
``alias`` is specified, the last opened recording will be closed. If there are more recordings with the same
alias all of them will be closed. If ``embed`` argument was set to
``True`` the video will be displayed in the log file.
Furthermore, if the ``save_to_disk`` parameter is set to ``False``, the video will be embedded and available in
the log file only.</doc>
<msg timestamp="20230214 21:12:46.327" level="INFO" html="true">&lt;a href="recording_2.webm"&gt;&lt;video width="800px" autoplay&gt;&lt;source src="recording_2.webm" type="video/webm"&gt;&lt;/video&gt;&lt;/a&gt;</msg>
<status status="PASS" starttime="20230214 21:12:46.207" endtime="20230214 21:12:46.328"/>
</kw>
<status status="PASS" starttime="20230214 21:12:35.394" endtime="20230214 21:12:46.341"/>
</test>
<doc>Robot Framework Sem Complicação</doc>
<status status="PASS" starttime="20230214 21:12:34.323" endtime="20230214 21:12:46.364"/>
</suite>
<statistics>
<total>
<stat pass="1" fail="0" skip="0">All Tests</stat>
</total>
<tag>
</tag>
<suite>
<stat pass="1" fail="0" skip="0" id="s1" name="Chronos">Chronos</stat>
</suite>
</statistics>
<errors>
</errors>
</robot>
